<?xml version="1.0" encoding="utf-8" standalone="no"?>
<!--This file represents the results of running a test suite-->
<test-results name="C:\Users\Bobby\Documents\Visual Studio 2013\Projects\ResetUserPassword\ResetUserPassword\bin\Debug\ResetUserPassword.exe" total="6" errors="0" failures="0" not-run="0" inconclusive="0" ignored="0" skipped="0" invalid="0" date="2015-06-10" time="21:32:50">
  <environment nunit-version="2.6.4.14350" clr-version="2.0.50727.8009" os-version="Microsoft Windows NT 6.2.9200.0" platform="Win32NT" cwd="C:\Program Files (x86)\NUnit 2.6.4\bin" machine-name="BOBBY-PC" user="Bobby" user-domain="Bobby-pc" />
  <culture-info current-culture="bg-BG" current-uiculture="en-US" />
  <test-suite type="Assembly" name="C:\Users\Bobby\Documents\Visual Studio 2013\Projects\ResetUserPassword\ResetUserPassword\bin\Debug\ResetUserPassword.exe" executed="True" result="Success" success="True" time="0.146" asserts="0">
    <results>
      <test-suite type="Namespace" name="ResetUserPassword" executed="True" result="Success" success="True" time="0.119" asserts="0">
        <results>
          <test-suite type="Namespace" name="Tests" executed="True" result="Success" success="True" time="0.118" asserts="0">
            <results>
              <test-suite type="TestFixture" name="Tests" executed="True" result="Success" success="True" time="0.114" asserts="0">
                <results>
                  <test-case name="ResetUserPassword.Tests.Tests.getAllUsersTest" executed="True" result="Success" success="True" time="0.045" asserts="1" />
                  <test-case name="ResetUserPassword.Tests.Tests.getUserByUserNameTest" executed="True" result="Success" success="True" time="0.003" asserts="1" />
                  <test-case name="ResetUserPassword.Tests.Tests.getUsersListByFirstAndLastNamesTest" executed="True" result="Success" success="True" time="0.002" asserts="1" />
                  <test-case name="ResetUserPassword.Tests.Tests.resetPasswordTest" executed="True" result="Success" success="True" time="0.015" asserts="1" />
                  <test-case name="ResetUserPassword.Tests.Tests.resetPasswordTest2" executed="True" result="Success" success="True" time="0.004" asserts="1" />
                  <test-case name="ResetUserPassword.Tests.Tests.resetPasswordTest3" executed="True" result="Success" success="True" time="0.001" asserts="1" />
                </results>
              </test-suite>
            </results>
          </test-suite>
        </results>
      </test-suite>
    </results>
  </test-suite>
</test-results>